<?xml version="1.0" encoding="UTF-8"?>
<!-- Generated by org.testng.reporters.JUnitReportReporter -->
<testsuite hostname="DESKTOP-392CL3Q" failures="0" tests="1" name="tests.SecondTest" time="0.001" errors="0" timestamp="2022-05-30T17:44:48 TRT" skipped="0">
  <testcase classname="tests.SecondTest" name="Second" time="0.001"/>
  <system-out/>
</testsuite> <!-- tests.SecondTest -->
