<?xml version="1.0" encoding="UTF-8"?>
<!-- Generated by org.testng.reporters.JUnitReportReporter -->
<testsuite hostname="DESKTOP-392CL3Q" failures="0" tests="2" name="TestNGTutorial.TestNG" time="0.014" errors="0" timestamp="2022-05-28T11:32:15 TRT" skipped="0">
  <testcase classname="TestNGTutorial.TestNG" name="SecondTest" time="0.005"/>
  <system-out/>
  <testcase classname="TestNGTutorial.TestNG" name="Demo" time="0.009"/>
  <system-out/>
</testsuite> <!-- TestNGTutorial.TestNG -->
