<?xml version="1.0" encoding="UTF-8"?>
<!-- Generated by org.testng.reporters.JUnitReportReporter -->
<testsuite hostname="DESKTOP-392CL3Q" failures="0" tests="1" name="tests.ThirdTest" time="0.001" errors="0" timestamp="2022-05-28T14:33:21 TRT" skipped="0">
  <testcase classname="tests.ThirdTest" name="MobileLogin" time="0.001"/>
  <system-out/>
</testsuite> <!-- tests.ThirdTest -->
