<?xml version="1.0" encoding="UTF-8"?>
<!-- Generated by org.testng.reporters.JUnitReportReporter -->
<testsuite hostname="DESKTOP-392CL3Q" failures="0" tests="1" name="tests.FourthTest" time="0.002" errors="0" timestamp="2022-05-28T14:33:21 TRT" skipped="0">
  <testcase classname="tests.FourthTest" name="MobileLoginLoan" time="0.002"/>
  <system-out/>
</testsuite> <!-- tests.FourthTest -->
