<?xml version="1.0" encoding="UTF-8"?>
<!-- Generated by org.testng.reporters.JUnitReportReporter -->
<testsuite hostname="DESKTOP-392CL3Q" failures="0" tests="3" name="tests.FourthTest" time="0.018" errors="0" timestamp="2022-05-30T17:44:48 TRT" skipped="0">
  <testcase classname="tests.FourthTest" name="WebLoginLoan" time="0.002"/>
  <system-out/>
  <testcase classname="tests.FourthTest" name="APILoginLoan" time="0.012"/>
  <system-out/>
  <testcase classname="tests.FourthTest" name="MobileLoginLoan" time="0.004"/>
  <system-out/>
</testsuite> <!-- tests.FourthTest -->
