<?xml version="1.0" encoding="UTF-8"?>
<!-- Generated by org.testng.reporters.JUnitReportReporter -->
<testsuite hostname="DESKTOP-392CL3Q" failures="0" tests="6" name="tests.ThirdTest" time="0.030" errors="0" timestamp="2022-05-30T17:44:48 TRT" skipped="1">
  <testcase classname="tests.ThirdTest" name="MobileSignin" time="0.006"/>
  <system-out/>
  <testcase classname="tests.ThirdTest" name="MobileLogin" time="0.003"/>
  <system-out/>
  <testcase classname="tests.ThirdTest" name="MobileSignin" time="0.015"/>
  <system-out/>
  <testcase classname="tests.ThirdTest" name="MobileSignin" time="0.002"/>
  <system-out/>
  <testcase classname="tests.ThirdTest" name="APISignout" time="0.004"/>
  <system-out/>
  <testcase classname="tests.ThirdTest" name="MobileSignout">
    <skipped/>
  </testcase> <!-- MobileSignout -->
  <system-out/>
</testsuite> <!-- tests.ThirdTest -->
