<?xml version="1.0" encoding="UTF-8"?>
<!-- Generated by org.testng.reporters.JUnitReportReporter -->
<testsuite hostname="DESKTOP-392CL3Q" failures="0" tests="1" name="javastreams.AutomateSort" time="0.012" errors="0" timestamp="2022-05-25T16:21:20 TRT" skipped="0">
  <testcase classname="javastreams.AutomateSort" name="StreamCollect" time="0.012"/>
  <system-out/>
</testsuite> <!-- javastreams.AutomateSort -->
