<?xml version="1.0" encoding="UTF-8"?>
<!-- Generated by org.testng.reporters.JUnitReportReporter -->
<testsuite hostname="DESKTOP-392CL3Q" failures="0" tests="2" name="tests.FirstTest" time="0.007" errors="0" timestamp="2022-05-28T14:32:31 TRT" skipped="0">
  <testcase classname="tests.FirstTest" name="SecondTest" time="0.002"/>
  <system-out/>
  <testcase classname="tests.FirstTest" name="Demo" time="0.005"/>
  <system-out/>
</testsuite> <!-- tests.FirstTest -->
