<?xml version="1.0" encoding="UTF-8"?>
<!-- Generated by org.testng.reporters.JUnitReportReporter -->
<testsuite hostname="DESKTOP-392CL3Q" failures="0" tests="3" name="javastreams.AutomateSort" time="0.043" errors="0" timestamp="2022-05-28T11:28:51 TRT" skipped="0">
  <testcase classname="javastreams.AutomateSort" name="StreamCollect" time="0.014"/>
  <system-out/>
  <testcase classname="javastreams.AutomateSort" name="streamFilter" time="0.022"/>
  <system-out/>
  <testcase classname="javastreams.AutomateSort" name="streamMap" time="0.007"/>
  <system-out/>
</testsuite> <!-- javastreams.AutomateSort -->
